0 info it worked if it ends with ok
1 verbose cli [ 'node', '/usr/local/bin/npm', 'install', '-g', 'jeckyll' ]
2 info using npm@1.4.23
3 info using node@v0.10.30
4 verbose cache add [ 'jeckyll', null ]
5 verbose cache add name=undefined spec="jeckyll" args=["jeckyll",null]
6 verbose parsed url { protocol: null,
6 verbose parsed url   slashes: null,
6 verbose parsed url   auth: null,
6 verbose parsed url   host: null,
6 verbose parsed url   port: null,
6 verbose parsed url   hostname: null,
6 verbose parsed url   hash: null,
6 verbose parsed url   search: null,
6 verbose parsed url   query: null,
6 verbose parsed url   pathname: 'jeckyll',
6 verbose parsed url   path: 'jeckyll',
6 verbose parsed url   href: 'jeckyll' }
7 silly lockFile b59e6cd5-jeckyll jeckyll
8 verbose lock jeckyll /Users/daniel/.npm/b59e6cd5-jeckyll.lock
9 silly lockFile b59e6cd5-jeckyll jeckyll
10 silly lockFile b59e6cd5-jeckyll jeckyll
11 verbose addNamed [ 'jeckyll', '' ]
12 verbose addNamed [ null, '*' ]
13 silly lockFile 5a5297a7-jeckyll jeckyll@
14 verbose lock jeckyll@ /Users/daniel/.npm/5a5297a7-jeckyll.lock
15 silly addNameRange { name: 'jeckyll', range: '*', hasData: false }
16 verbose request where is /jeckyll
17 verbose request registry https://registry.npmjs.org/
18 verbose request id 4c6af81585eb81a2
19 verbose url raw /jeckyll
20 verbose url resolving [ 'https://registry.npmjs.org/', './jeckyll' ]
21 verbose url resolved https://registry.npmjs.org/jeckyll
22 verbose request where is https://registry.npmjs.org/jeckyll
23 info trying registry request attempt 1 at 10:56:51
24 http GET https://registry.npmjs.org/jeckyll
25 http 404 https://registry.npmjs.org/jeckyll
26 verbose headers { server: 'CouchDB/1.5.0 (Erlang OTP/R16B03)',
26 verbose headers   'content-type': 'application/json',
26 verbose headers   'cache-control': 'max-age=0',
26 verbose headers   'content-length': '51',
26 verbose headers   'accept-ranges': 'bytes',
26 verbose headers   date: 'Fri, 10 Jul 2015 16:56:51 GMT',
26 verbose headers   via: '1.1 varnish',
26 verbose headers   age: '0',
26 verbose headers   connection: 'keep-alive',
26 verbose headers   'x-served-by': 'cache-lax1434-LAX',
26 verbose headers   'x-cache': 'MISS',
26 verbose headers   'x-cache-hits': '0',
26 verbose headers   'x-timer': 'S1436547411.901203,VS0,VE51' }
27 silly registry.get cb [ 404,
27 silly registry.get   { server: 'CouchDB/1.5.0 (Erlang OTP/R16B03)',
27 silly registry.get     'content-type': 'application/json',
27 silly registry.get     'cache-control': 'max-age=0',
27 silly registry.get     'content-length': '51',
27 silly registry.get     'accept-ranges': 'bytes',
27 silly registry.get     date: 'Fri, 10 Jul 2015 16:56:51 GMT',
27 silly registry.get     via: '1.1 varnish',
27 silly registry.get     age: '0',
27 silly registry.get     connection: 'keep-alive',
27 silly registry.get     'x-served-by': 'cache-lax1434-LAX',
27 silly registry.get     'x-cache': 'MISS',
27 silly registry.get     'x-cache-hits': '0',
27 silly registry.get     'x-timer': 'S1436547411.901203,VS0,VE51' } ]
28 silly lockFile 5a5297a7-jeckyll jeckyll@
29 silly lockFile 5a5297a7-jeckyll jeckyll@
30 error 404 404 Not Found: jeckyll
30 error 404
30 error 404 'jeckyll' is not in the npm registry.
30 error 404 You should bug the author to publish it
30 error 404
30 error 404 Note that you can also install from a
30 error 404 tarball, folder, or http url, or git url.
31 error System Darwin 15.0.0
32 error command "node" "/usr/local/bin/npm" "install" "-g" "jeckyll"
33 error cwd /Users/daniel/Dropbox/personal_dev_projects/stories.dcog.io
34 error node -v v0.10.30
35 error npm -v 1.4.23
36 error code E404
37 verbose exit [ 1, true ]
